<?xml version="1.0" encoding="UTF-8"?>
<!-- Generated by org.testng.reporters.JUnitReportReporter -->
<testsuite hostname="b6946de219de526" failures="0" tests="2" name="com.examples.tests.StockInfoTest" time="11.961" errors="0" timestamp="2025-05-15T20:06:20 IST" skipped="0">
  <testcase classname="com.examples.tests.StockInfoTest" name="verifyStockInformationDisplay" time="4.114"/>
  <testcase classname="com.examples.tests.StockInfoTest" name="verifyStockInformationDisplay" time="7.847"/>
</testsuite> <!-- com.examples.tests.StockInfoTest -->
