<?xml version="1.0" encoding="UTF-8"?>
<!-- Generated by org.testng.reporters.JUnitReportReporter -->
<testsuite hostname="b6946de219de526" failures="0" tests="2" name="com.examples.tests.StockInfoTest" time="9.281" errors="0" timestamp="2025-05-13T11:27:13 IST" skipped="0">
  <testcase classname="com.examples.tests.StockInfoTest" name="verifyStockInformationDisplay" time="4.726"/>
  <testcase classname="com.examples.tests.StockInfoTest" name="verifyStockInformationDisplay" time="4.555"/>
</testsuite> <!-- com.examples.tests.StockInfoTest -->
